Fetching gem metadata from https://rubygems.org/.......
Fetching gem metadata from https://rubygems.org/..
Using rake (10.0.3) 
Using RedCloth (4.2.9) 
Using i18n (0.6.1) 
Using multi_json (1.5.0) 
Using activesupport (3.2.11) 
Using builder (3.0.4) 
Using activemodel (3.2.11) 
Using erubis (2.7.0) 
Using journey (1.0.4) 
Using rack (1.4.4) 
Using rack-cache (1.2) 
Using rack-test (0.6.2) 
Using hike (1.2.1) 
Using tilt (1.3.3) 
Using sprockets (2.2.2) 
Using actionpack (3.2.11) 
Using mime-types (1.19) 
Using polyglot (0.3.3) 
Using treetop (1.4.12) 
Using mail (2.4.4) 
Using actionmailer (3.2.11) 
Using arel (3.0.2) 
Using tzinfo (0.3.35) 
Using activerecord (3.2.11) 
Using activeresource (3.2.11) 
Using addressable (2.3.2) 
Using andand (1.3.3) 
Using attr_required (0.0.5) 
Using authlogic (3.2.0) 
Using will_paginate (3.0.4) 
Using bootstrap-will_paginate (0.0.9) 
Using uniform_notifier (1.1.1) 
Using bullet (4.3.0) 
Using cancan (1.6.8) 
Using chronic (0.9.0) 
Using climate_control (0.0.3) 
Using cocaine (0.5.1) 
Using coffee-script-source (1.4.0) 
Using execjs (1.4.0) 
Using coffee-script (2.2.0) 
Using rack-ssl (1.3.2) 
Using json (1.7.6) 
Using rdoc (3.12) 
Using thor (0.16.0) 
Using railties (3.2.11) 
Using coffee-rails (3.2.2) 
Using commonjs (0.2.6) 
Using css_parser (1.2.6) 
Using dalli (2.6.0) 
Using diff-lcs (1.1.3) 
Using eventmachine (1.0.0) 
Using multipart-post (1.1.5) 
Using faraday (0.8.4) 
Using faraday_middleware (0.9.0) 
Using hashie (1.2.0) 
Using http_parser.rb (0.5.3) 
Using simple_oauth (0.1.9) 
Using twitter-stream (0.1.16) 
Using tinder (1.9.2) 
Using exception_notification (3.0.0) 
Using fancybox-rails (0.1.4) 
Using httpclient (2.3.2) 
Using rack-oauth2 (1.0.0) 
Using fb_graph (2.6.2) 
Using formtastic (2.1.1) 
Using bundler (1.2.3) 
Using rails (3.2.11) 
Using formtastic-bootstrap (1.1.2) from git://github.com/cgunther/formtastic-bootstrap.git (at bootstrap2-rails3-2-formtastic-2-1) 
Using geocoder (1.1.6) 
Using paper_trail (2.7.0) 
Using globalize3 (0.3.0) 
Using gmaps4rails (1.5.6) 
Using hirb (0.7.0) 
Using httpauth (0.2.0) 
Installing jquery-fileupload-rails (0.4.0) 
Using jquery-rails (2.1.1) 
Using jwt (0.1.5) 
Using kaminari (0.14.1) 
Using later_dude (0.3.3) 
Using less (2.2.2) 
Using less-rails (2.2.6) 
Using less-rails-bootstrap (2.2.1) 
Using libv8 (3.11.8.13) 
Using license_finder (0.7.0) from git://github.com/pivotal/LicenseFinder.git (at master) 
Using mail_view (1.0.3) 
Using rack-contrib (1.1.0) 
Using meta_request (0.2.1) 
Using mini_record (0.3.1) 
Using mysql2 (0.3.11) 
Using newrelic_rpm (3.5.5.38) 
Using nokogiri (1.5.6) 
Using oauth (0.4.7) 
Using oauth2 (0.8.0) 
Using omniauth (1.1.1) 
Using omniauth-oauth2 (1.1.1) 
Using omniauth-facebook (1.4.1) 
Using omniauth-oauth (1.0.1) 
Using omniauth-twitter (0.0.14) 
Using paperclip (2.8.0) 
Using railhead_autouser (0.1.4) 
Using railhead_permalink (0.1.19) 
Using rails-i18n (0.7.2) 
Using rails_autolink (1.0.9) 
Using rails_config (0.3.2) 
Using ref (1.0.2) 
Using roadie (2.3.4) 
Using rspec-core (2.12.2) 
Using rspec-expectations (2.12.1) 
Using rspec-mocks (2.12.1) 
Using rspec-rails (2.12.2) 
Using sass (3.2.5) 
Using sass-rails (3.2.6) 
Using sitemap_generator (3.4) 
Using temple (0.5.5) 
Using slim (1.3.6) 
Using therubyracer (0.11.3) 
Using will_filter (3.1.9) 
Using tr8n (3.2.3) from git://github.com/berk/tr8n.git (at 973fb52) 
Using uglifier (1.3.0) 
Using whenever (0.8.2) 
[32mYour bundle is complete! Use `bundle show [gemname]` to see where a bundled gem is installed.[0m
